2022-04-27 00:17:37 Loading main app package /tmp/.mount_ObsidiziyhGn/resources/obsidian.asar
2022-04-27 00:17:38 Checking for update using Github
2022-04-27 00:17:38 Success.
2022-04-27 00:17:38 Latest version is 0.14.6
2022-04-27 00:17:38 App is up to date.
2022-04-27 00:27:55 Loading main app package /tmp/.mount_obsidi1NKKEv/resources/obsidian.asar
2022-04-27 00:27:56 Checking for update using Github
2022-04-27 00:27:56 Success.
2022-04-27 00:27:56 Latest version is 0.14.6
2022-04-27 00:27:56 App is up to date.
2022-04-27 00:28:08 Loading main app package /tmp/.mount_obsididqCpvP/resources/obsidian.asar
2022-04-27 00:28:09 Checking for update using Github
2022-04-27 00:28:09 Success.
2022-04-27 00:28:09 Latest version is 0.14.6
2022-04-27 00:28:09 App is up to date.
2022-04-27 00:29:45 Loading main app package /tmp/.mount_obsidikfHZ1X/resources/obsidian.asar
2022-04-27 00:29:46 Checking for update using Github
2022-04-27 00:29:46 Success.
2022-04-27 00:29:46 Latest version is 0.14.6
2022-04-27 00:29:46 App is up to date.
2022-04-27 01:29:45 Checking for update using Github
2022-04-27 01:29:45 Success.
2022-04-27 01:29:45 Latest version is 0.14.6
2022-04-27 01:29:45 App is up to date.
2022-04-27 02:29:45 Checking for update using Github
2022-04-27 02:29:45 Success.
2022-04-27 02:29:45 Latest version is 0.14.6
2022-04-27 02:29:45 App is up to date.
2022-04-27 03:29:45 Checking for update using Github
2022-04-27 03:29:45 Success.
2022-04-27 03:29:45 Latest version is 0.14.6
2022-04-27 03:29:45 App is up to date.
2022-04-27 06:08:47 Loading main app package /tmp/.mount_obsidinN7hRp/resources/obsidian.asar
2022-04-27 06:08:47 Checking for update using Github
2022-04-27 06:08:48 Success.
2022-04-27 06:08:48 Latest version is 0.14.6
2022-04-27 06:08:48 App is up to date.
2022-04-28 00:05:39 Loading main app package /tmp/.mount_obsidi2sAzaH/resources/obsidian.asar
2022-04-28 00:05:40 Checking for update using Github
2022-04-28 00:05:40 Success.
2022-04-28 00:05:40 Latest version is 0.14.6
2022-04-28 00:05:40 App is up to date.
2022-04-28 00:10:59 Loading main app package /tmp/.mount_obsidigvoB04/resources/obsidian.asar
2022-04-28 00:10:59 Checking for update using Github
2022-04-28 00:11:00 Success.
2022-04-28 00:11:00 Latest version is 0.14.6
2022-04-28 00:11:00 App is up to date.
2022-04-28 01:10:59 Checking for update using Github
2022-04-28 01:10:59 Success.
2022-04-28 01:10:59 Latest version is 0.14.6
2022-04-28 01:10:59 App is up to date.
2022-04-28 02:28:49 Checking for update using Github
2022-04-28 02:28:49 Success.
2022-04-28 02:28:49 Latest version is 0.14.6
2022-04-28 02:28:49 App is up to date.
2022-04-28 22:03:06 Loading main app package /tmp/.mount_obsidijPb33N/resources/obsidian.asar
2022-04-28 22:03:07 Checking for update using Github
2022-04-28 22:03:07 Success.
2022-04-28 22:03:07 Latest version is 0.14.6
2022-04-28 22:03:07 App is up to date.
2022-04-28 22:04:17 Loading main app package /tmp/.mount_obsidiVJ7yBE/resources/obsidian.asar
2022-04-28 22:04:17 Checking for update using Github
2022-04-28 22:04:18 Success.
2022-04-28 22:04:18 Latest version is 0.14.6
2022-04-28 22:04:18 App is up to date.
2022-04-28 23:04:17 Checking for update using Github
2022-04-28 23:04:17 Success.
2022-04-28 23:04:17 Latest version is 0.14.6
2022-04-28 23:04:17 App is up to date.
2022-04-29 00:04:17 Checking for update using Github
2022-04-29 00:04:17 Success.
2022-04-29 00:04:17 Latest version is 0.14.6
2022-04-29 00:04:17 App is up to date.
2022-04-29 04:34:34 Loading main app package /tmp/.mount_obsidifHOQQg/resources/obsidian.asar
2022-04-29 04:34:34 Checking for update using Github
2022-04-29 04:34:34 Success.
2022-04-29 04:34:34 Latest version is 0.14.6
2022-04-29 04:34:34 App is up to date.
2022-04-29 05:34:34 Checking for update using Github
2022-04-29 05:34:34 Success.
2022-04-29 05:34:34 Latest version is 0.14.6
2022-04-29 05:34:34 App is up to date.
2022-04-29 21:28:27 Loading main app package /tmp/.mount_obsidiTdgWor/resources/obsidian.asar
2022-04-29 21:28:28 Checking for update using Github
2022-04-29 21:28:28 Success.
2022-04-29 21:28:28 Latest version is 0.14.6
2022-04-29 21:28:28 App is up to date.
2022-04-29 22:28:28 Checking for update using Github
2022-04-29 22:28:28 Success.
2022-04-29 22:28:28 Latest version is 0.14.6
2022-04-29 22:28:28 App is up to date.
2022-05-15 02:08:52 Loading main app package /tmp/.mount_obsidisESorr/resources/obsidian.asar
2022-05-15 02:08:52 Checking for update using Github
2022-05-15 02:08:53 Success.
2022-05-15 02:08:53 Latest version is 0.14.6
2022-05-15 02:08:53 App is up to date.
2022-05-15 03:22:13 Checking for update using Github
2022-05-15 03:22:13 Success.
2022-05-15 03:22:13 Latest version is 0.14.6
2022-05-15 03:22:13 App is up to date.
2022-05-15 04:59:04 Checking for update using Github
2022-05-15 04:59:04 Success.
2022-05-15 04:59:04 Latest version is 0.14.6
2022-05-15 04:59:04 App is up to date.
2022-05-16 01:10:33 Loading main app package /tmp/.mount_obsidiDT5gAr/resources/obsidian.asar
2022-05-16 01:10:34 Checking for update using Github
2022-05-16 01:10:35 Success.
2022-05-16 01:10:35 Latest version is 0.14.6
2022-05-16 01:10:35 App is up to date.
2022-05-16 02:10:33 Checking for update using Github
2022-05-16 02:10:34 Success.
2022-05-16 02:10:34 Latest version is 0.14.6
2022-05-16 02:10:34 App is up to date.
2022-05-16 03:25:48 Checking for update using Github
2022-05-16 03:25:48 Success.
2022-05-16 03:25:48 Latest version is 0.14.6
2022-05-16 03:25:48 App is up to date.
2022-05-16 04:25:48 Checking for update using Github
2022-05-16 04:25:48 Success.
2022-05-16 04:25:48 Latest version is 0.14.6
2022-05-16 04:25:48 App is up to date.
2022-05-31 14:03:03 Loading main app package /tmp/.mount_obsidilgdVPd/resources/obsidian.asar
2022-05-31 14:03:04 Checking for update using Github
2022-05-31 14:03:04 Success.
2022-05-31 14:03:04 Latest version is 0.14.6
2022-05-31 14:03:04 App is up to date.
2022-06-01 07:35:36 Loading main app package /tmp/.mount_obsidiHmjh0v/resources/obsidian.asar
2022-06-01 07:35:36 Checking for update using Github
2022-06-01 07:35:37 Success.
2022-06-01 07:35:37 Latest version is 0.14.6
2022-06-01 07:35:37 App is up to date.
2022-06-01 08:35:36 Checking for update using Github
2022-06-01 08:35:36 Success.
2022-06-01 08:35:36 Latest version is 0.14.6
2022-06-01 08:35:36 App is up to date.
2022-06-01 09:11:46 Loading main app package /tmp/.mount_obsidijdhhnW/resources/obsidian.asar
2022-06-01 09:11:47 Checking for update using Github
2022-06-01 09:11:48 Success.
2022-06-01 09:11:48 Latest version is 0.14.6
2022-06-01 09:11:48 App is up to date.
2022-06-02 12:21:15 Loading main app package /tmp/.mount_obsidivQUuwT/resources/obsidian.asar
2022-06-02 12:21:16 Checking for update using Github
2022-06-02 12:21:17 Success.
2022-06-02 12:21:17 Latest version is 0.14.6
2022-06-02 12:21:17 App is up to date.
2022-06-02 13:21:16 Checking for update using Github
2022-06-02 13:21:16 Success.
2022-06-02 13:21:16 Latest version is 0.14.6
2022-06-02 13:21:16 App is up to date.
2022-06-02 14:21:16 Checking for update using Github
2022-06-02 14:21:18 Success.
2022-06-02 14:21:18 Latest version is 0.14.6
2022-06-02 14:21:18 App is up to date.
2022-06-02 18:22:25 Loading main app package /tmp/.mount_obsidiFfguTg/resources/obsidian.asar
2022-06-02 18:22:26 Checking for update using Github
2022-06-02 18:22:28 Success.
2022-06-02 18:22:28 Latest version is 0.14.6
2022-06-02 18:22:28 App is up to date.
2022-06-03 07:17:18 Checking for update using Github
2022-06-03 07:17:19 Success.
2022-06-03 07:17:19 Latest version is 0.14.6
2022-06-03 07:17:19 App is up to date.
2022-06-03 08:17:18 Checking for update using Github
2022-06-03 08:17:20 Success.
2022-06-03 08:17:20 Latest version is 0.14.6
2022-06-03 08:17:20 App is up to date.
2022-06-08 13:50:50 Loading main app package /tmp/.mount_obsidiPzKIim/resources/obsidian.asar
2022-06-08 13:50:51 Checking for update using Github
2022-06-08 13:50:52 Success.
2022-06-08 13:50:52 Latest version is 0.14.15
2022-06-08 13:50:52 Downloading update from https://github.com/obsidianmd/obsidian-releases/releases/download/v0.14.15/obsidian-0.14.15.asar.gz
2022-06-08 13:51:08 Verifying hash & signature. Size= 5370314
2022-06-08 13:51:08 Saving file
2022-06-08 13:51:09 Update complete.
2022-06-08 14:50:50 Checking for update using Github
2022-06-08 14:50:51 Success.
2022-06-08 14:50:51 Latest version is 0.14.15
2022-06-08 14:50:51 An update is already downloaded.
2022-06-09 07:22:28 Checking for update using Github
2022-06-09 07:22:28 Success.
2022-06-09 07:22:28 Latest version is 0.14.15
2022-06-09 07:22:28 An update is already downloaded.
2022-06-09 08:22:28 Checking for update using Github
2022-06-09 08:22:28 Success.
2022-06-09 08:22:28 Latest version is 0.14.15
2022-06-09 08:22:28 An update is already downloaded.
2022-06-09 09:22:28 Checking for update using Github
2022-06-09 09:22:28 Success.
2022-06-09 09:22:28 Latest version is 0.14.15
2022-06-09 09:22:28 An update is already downloaded.
2022-06-09 10:16:01 Loading updated app package /home/deniz/.config/obsidian/obsidian-0.14.15.asar
2022-06-09 10:16:02 Checking for update using Github
2022-06-09 10:16:02 Success.
2022-06-09 10:16:02 Latest version is 0.14.15
2022-06-09 10:16:02 App is up to date.
2022-06-09 11:16:01 Checking for update using Github
2022-06-09 11:16:02 Success.
2022-06-09 11:16:02 Latest version is 0.14.15
2022-06-09 11:16:02 App is up to date.
2022-06-09 12:16:01 Checking for update using Github
2022-06-09 12:16:02 Success.
2022-06-09 12:16:02 Latest version is 0.14.15
2022-06-09 12:16:02 App is up to date.
2022-06-16 09:58:06 Loading updated app package /home/deniz/.config/obsidian/obsidian-0.14.15.asar
2022-06-16 09:58:07 Checking for update using Github
2022-06-16 09:58:07 Success.
2022-06-16 09:58:07 Latest version is 0.14.15
2022-06-16 09:58:07 App is up to date.
2022-06-16 10:58:06 Checking for update using Github
2022-06-16 10:58:06 Success.
2022-06-16 10:58:06 Latest version is 0.14.15
2022-06-16 10:58:06 App is up to date.
2022-06-16 11:58:06 Checking for update using Github
2022-06-16 11:58:07 Success.
2022-06-16 11:58:07 Latest version is 0.14.15
2022-06-16 11:58:07 App is up to date.
2022-06-16 12:58:06 Checking for update using Github
2022-06-16 12:58:07 Success.
2022-06-16 12:58:07 Latest version is 0.14.15
2022-06-16 12:58:07 App is up to date.
2022-06-16 13:58:06 Checking for update using Github
2022-06-16 13:58:07 Success.
2022-06-16 13:58:07 Latest version is 0.14.15
2022-06-16 13:58:07 App is up to date.
2022-06-16 15:35:26 Checking for update using Github
2022-06-16 15:35:27 Success.
2022-06-16 15:35:27 Latest version is 0.14.15
2022-06-16 15:35:27 App is up to date.
2022-06-16 16:35:26 Checking for update using Github
2022-06-16 16:35:27 Success.
2022-06-16 16:35:27 Latest version is 0.14.15
2022-06-16 16:35:27 App is up to date.
2022-06-16 19:25:36 Loading updated app package /home/deniz/.config/obsidian/obsidian-0.14.15.asar
2022-06-16 19:25:37 Checking for update using Github
2022-06-16 19:25:38 Success.
2022-06-16 19:25:38 Latest version is 0.14.15
2022-06-16 19:25:38 App is up to date.
2022-06-16 21:16:46 Checking for update using Github
2022-06-16 21:16:46 Success.
2022-06-16 21:16:46 Latest version is 0.14.15
2022-06-16 21:16:46 App is up to date.
2022-06-16 22:16:46 Checking for update using Github
2022-06-16 22:16:46 Success.
2022-06-16 22:16:46 Latest version is 0.14.15
2022-06-16 22:16:46 App is up to date.
2022-06-16 23:16:46 Checking for update using Github
2022-06-16 23:16:46 Success.
2022-06-16 23:16:46 Latest version is 0.14.15
2022-06-16 23:16:46 App is up to date.
2022-06-20 11:53:42 Loading updated app package /home/deniz/.config/obsidian/obsidian-0.14.15.asar
2022-06-20 11:53:42 Checking for update using Github
2022-06-20 11:53:43 Success.
2022-06-20 11:53:43 Latest version is 0.14.15
2022-06-20 11:53:43 App is up to date.
2022-06-20 12:36:58 Loading updated app package /home/deniz/.config/obsidian/obsidian-0.14.15.asar
2022-06-20 12:36:58 Checking for update using Github
2022-06-20 12:36:59 Success.
2022-06-20 12:36:59 Latest version is 0.14.15
2022-06-20 12:36:59 App is up to date.
2022-06-20 13:36:58 Checking for update using Github
2022-06-20 13:36:58 Success.
2022-06-20 13:36:58 Latest version is 0.14.15
2022-06-20 13:36:58 App is up to date.
2022-06-20 14:36:58 Checking for update using Github
2022-06-20 14:36:58 Success.
2022-06-20 14:36:58 Latest version is 0.14.15
2022-06-20 14:36:58 App is up to date.
2022-06-20 19:04:26 Checking for update using Github
2022-06-20 19:04:26 Success.
2022-06-20 19:04:26 Latest version is 0.14.15
2022-06-20 19:04:26 App is up to date.
2022-06-20 19:34:32 Loading updated app package /home/deniz/.config/obsidian/obsidian-0.14.15.asar
2022-06-20 19:34:33 Checking for update using Github
2022-06-20 20:04:26 Checking for update using Github
2022-06-20 20:04:26 Success.
2022-06-20 20:04:26 Latest version is 0.14.15
2022-06-20 20:04:26 App is up to date.
2022-06-21 07:41:45 Checking for update using Github
2022-06-21 07:41:45 Success.
2022-06-21 07:41:45 Latest version is 0.14.15
2022-06-21 07:41:45 App is up to date.
2022-06-21 08:47:40 Loading updated app package /home/deniz/.config/obsidian/obsidian-0.14.15.asar
2022-06-21 08:47:41 Checking for update using Github
2022-06-21 08:47:41 Checking for update using Github
2022-06-21 08:47:41 Success.
2022-06-21 08:47:41 Latest version is 0.14.15
2022-06-21 08:47:41 App is up to date.
2022-06-21 10:38:42 Checking for update using Github
2022-06-21 10:38:43 Success.
2022-06-21 10:38:43 Latest version is 0.14.15
2022-06-21 10:38:43 App is up to date.
2022-06-21 11:38:42 Checking for update using Github
2022-06-21 11:38:43 Success.
2022-06-21 11:38:43 Latest version is 0.14.15
2022-06-21 11:38:43 App is up to date.
2022-06-21 12:38:42 Checking for update using Github
2022-06-21 12:38:43 Success.
2022-06-21 12:38:43 Latest version is 0.14.15
2022-06-21 12:38:43 App is up to date.
2022-06-21 13:39:48 Loading updated app package /home/deniz/.config/obsidian/obsidian-0.14.15.asar
2022-06-21 13:39:49 Checking for update using Github
2022-06-21 13:39:50 Success.
2022-06-21 13:39:50 Latest version is 0.14.15
2022-06-21 13:39:50 App is up to date.
2022-06-22 07:16:57 Checking for update using Github
2022-06-22 08:06:01 Loading updated app package /home/deniz/.config/obsidian/obsidian-0.14.15.asar
2022-06-22 08:06:01 Checking for update using Github
2022-06-22 08:06:02 Success.
2022-06-22 08:06:02 Latest version is 0.14.15
2022-06-22 08:06:02 App is up to date.
2022-06-22 09:06:01 Checking for update using Github
2022-06-22 09:06:01 Success.
2022-06-22 09:06:01 Latest version is 0.14.15
2022-06-22 09:06:01 App is up to date.
2022-06-22 10:50:31 Checking for update using Github
2022-06-22 10:50:31 Success.
2022-06-22 10:50:31 Latest version is 0.14.15
2022-06-22 10:50:31 App is up to date.
2022-06-22 11:50:31 Checking for update using Github
2022-06-22 11:50:31 Success.
2022-06-22 11:50:31 Latest version is 0.14.15
2022-06-22 11:50:31 App is up to date.
2022-06-22 12:50:31 Checking for update using Github
2022-06-22 12:50:32 Success.
2022-06-22 12:50:32 Latest version is 0.14.15
2022-06-22 12:50:32 App is up to date.
2022-06-22 13:50:31 Checking for update using Github
2022-06-22 13:50:32 Success.
2022-06-22 13:50:32 Latest version is 0.14.15
2022-06-22 13:50:32 App is up to date.
2022-06-24 07:14:24 Loading updated app package /home/deniz/.config/obsidian/obsidian-0.14.15.asar
2022-06-24 07:14:25 Checking for update using Github
2022-06-24 07:14:25 Success.
2022-06-24 07:14:25 Latest version is 0.14.15
2022-06-24 07:14:25 App is up to date.
2022-06-24 08:14:24 Checking for update using Github
2022-06-24 08:14:24 Success.
2022-06-24 08:14:24 Latest version is 0.14.15
2022-06-24 08:14:24 App is up to date.
2022-06-24 09:04:14 Loading updated app package /home/deniz/.config/obsidian/obsidian-0.14.15.asar
2022-06-24 09:04:15 Checking for update using Github
2022-06-24 09:04:15 Success.
2022-06-24 09:04:15 Latest version is 0.14.15
2022-06-24 09:04:15 App is up to date.
2022-06-27 06:58:10 Loading updated app package /home/deniz/.config/obsidian/obsidian-0.14.15.asar
2022-06-27 06:58:11 Checking for update using Github
2022-06-27 06:58:14 Success.
2022-06-27 06:58:14 Latest version is 0.14.15
2022-06-27 06:58:14 App is up to date.
2022-06-27 07:58:10 Checking for update using Github
2022-06-27 07:58:11 Success.
2022-06-27 07:58:11 Latest version is 0.14.15
2022-06-27 07:58:11 App is up to date.
2022-06-27 08:58:11 Checking for update using Github
2022-06-27 08:58:11 Success.
2022-06-27 08:58:11 Latest version is 0.14.15
2022-06-27 08:58:11 App is up to date.
2022-06-27 11:19:20 Checking for update using Github
2022-06-27 11:19:21 Success.
2022-06-27 11:19:21 Latest version is 0.14.15
2022-06-27 11:19:21 App is up to date.
2022-06-27 12:19:21 Checking for update using Github
2022-06-27 12:19:21 Success.
2022-06-27 12:19:21 Latest version is 0.14.15
2022-06-27 12:19:21 App is up to date.
2022-06-27 14:36:15 Checking for update using Github
2022-06-27 14:36:16 Success.
2022-06-27 14:36:16 Latest version is 0.14.15
2022-06-27 14:36:16 App is up to date.
2022-06-28 07:06:37 Loading updated app package /home/deniz/.config/obsidian/obsidian-0.14.15.asar
2022-06-28 07:06:37 Checking for update using Github
2022-06-28 07:06:37 Checking for update using Github
2022-06-28 07:06:38 Success.
2022-06-28 07:06:38 Latest version is 0.14.15
2022-06-28 07:06:38 App is up to date.
2022-06-28 07:13:57 Loading updated app package /home/deniz/.config/obsidian/obsidian-0.14.15.asar
2022-06-28 07:13:58 Checking for update using Github
2022-06-28 07:22:47 Loading updated app package /home/deniz/.config/obsidian/obsidian-0.14.15.asar
2022-06-28 07:22:48 Checking for update using Github
2022-06-28 07:22:48 Success.
2022-06-28 07:22:48 Latest version is 0.14.15
2022-06-28 07:22:48 App is up to date.
2022-06-28 07:25:35 Loading updated app package /home/deniz/.config/obsidian/obsidian-0.14.15.asar
2022-06-28 07:25:36 Checking for update using Github
2022-06-28 07:25:36 Success.
2022-06-28 07:25:36 Latest version is 0.14.15
2022-06-28 07:25:36 App is up to date.
2022-06-28 07:28:01 Loading updated app package /home/deniz/.config/obsidian/obsidian-0.14.15.asar
2022-06-28 07:28:02 Checking for update using Github
2022-06-28 07:28:02 Success.
2022-06-28 07:28:02 Latest version is 0.14.15
2022-06-28 07:28:02 App is up to date.
2022-06-29 17:44:20 Loading updated app package /home/deniz/.config/obsidian/obsidian-0.14.15.asar
2022-06-29 17:44:21 Checking for update using Github
2022-06-29 17:44:21 Success.
2022-06-29 17:44:21 Latest version is 0.14.15
2022-06-29 17:44:21 App is up to date.
2022-06-29 17:46:58 Loading updated app package /home/deniz/.config/obsidian/obsidian-0.14.15.asar
2022-06-29 17:46:59 Checking for update using Github
2022-06-29 17:46:59 Success.
2022-06-29 17:46:59 Latest version is 0.14.15
2022-06-29 17:46:59 App is up to date.
2022-06-30 08:57:18 Loading updated app package /home/deniz/.config/obsidian/obsidian-0.14.15.asar
2022-06-30 08:57:19 Checking for update using Github
2022-06-30 08:57:19 Success.
2022-06-30 08:57:19 Latest version is 0.14.15
2022-06-30 08:57:19 App is up to date.
2022-07-01 06:59:40 Loading updated app package /home/deniz/.config/obsidian/obsidian-0.14.15.asar
2022-07-01 06:59:40 Checking for update using Github
2022-07-01 06:59:41 Success.
2022-07-01 06:59:41 Latest version is 0.14.15
2022-07-01 06:59:41 App is up to date.
2022-07-01 07:34:10 Loading updated app package /home/deniz/.config/obsidian/obsidian-0.14.15.asar
2022-07-01 07:34:11 Checking for update using Github
2022-07-01 07:34:11 Success.
2022-07-01 07:34:11 Latest version is 0.14.15
2022-07-01 07:34:11 App is up to date.
2022-07-01 07:53:35 Loading updated app package /home/deniz/.config/obsidian/obsidian-0.14.15.asar
2022-07-01 07:53:36 Checking for update using Github
2022-07-01 07:53:36 Success.
2022-07-01 07:53:36 Latest version is 0.14.15
2022-07-01 07:53:36 App is up to date.
2022-07-01 08:53:35 Checking for update using Github
2022-07-01 08:53:36 Success.
2022-07-01 08:53:36 Latest version is 0.14.15
2022-07-01 08:53:36 App is up to date.
2022-07-01 12:20:58 Checking for update using Github
2022-07-01 12:20:58 Success.
2022-07-01 12:20:58 Latest version is 0.14.15
2022-07-01 12:20:58 App is up to date.
2022-07-01 19:39:57 Loading updated app package /home/deniz/.config/obsidian/obsidian-0.14.15.asar
2022-07-01 19:39:57 Checking for update using Github
2022-07-01 19:39:58 Success.
2022-07-01 19:39:58 Latest version is 0.14.15
2022-07-01 19:39:58 App is up to date.
2022-07-01 20:39:57 Checking for update using Github
2022-07-01 20:39:57 Success.
2022-07-01 20:39:57 Latest version is 0.14.15
2022-07-01 20:39:57 App is up to date.
2022-07-03 07:58:10 Loading updated app package /home/deniz/.config/obsidian/obsidian-0.14.15.asar
2022-07-03 07:58:11 Checking for update using Github
2022-07-03 07:58:12 Success.
2022-07-03 07:58:12 Latest version is 0.14.15
2022-07-03 07:58:12 App is up to date.
2022-07-03 08:43:42 Loading updated app package /home/deniz/.config/obsidian/obsidian-0.14.15.asar
2022-07-03 08:43:43 Checking for update using Github
2022-07-03 08:43:43 Success.
2022-07-03 08:43:43 Latest version is 0.14.15
2022-07-03 08:43:43 App is up to date.
2022-07-03 08:57:01 Loading updated app package /home/deniz/.config/obsidian/obsidian-0.14.15.asar
2022-07-03 08:57:02 Checking for update using Github
2022-07-03 08:57:02 Success.
2022-07-03 08:57:02 Latest version is 0.14.15
2022-07-03 08:57:02 App is up to date.
2022-07-06 00:51:48 Loading updated app package /home/deniz/.config/obsidian/obsidian-0.14.15.asar
2022-07-06 00:51:48 Checking for update using Github
2022-07-06 00:51:48 Success.
2022-07-06 00:51:48 Latest version is 0.14.15
2022-07-06 00:51:48 App is up to date.
2022-07-13 15:29:20 Loading updated app package /home/deniz/.config/obsidian/obsidian-0.14.15.asar
2022-07-13 15:29:21 Checking for update using Github
2022-07-13 15:29:21 Success.
2022-07-13 15:29:21 Latest version is 0.15.6
2022-07-13 15:29:21 Downloading update from https://github.com/obsidianmd/obsidian-releases/releases/download/v0.15.6/obsidian-0.15.6.asar.gz
2022-07-13 15:29:24 Verifying hash & signature. Size= 5609293
2022-07-13 15:29:24 Saving file
2022-07-13 15:29:24 Update complete.
2022-07-13 16:29:20 Checking for update using Github
2022-07-13 16:29:20 Success.
2022-07-13 16:29:20 Latest version is 0.15.6
2022-07-13 16:29:20 An update is already downloaded.
2022-07-13 23:43:30 Loading updated app package /home/deniz/.config/obsidian/obsidian-0.15.6.asar
2022-07-13 23:43:31 Checking for update using Github
2022-07-13 23:43:31 Success.
2022-07-13 23:43:31 Latest version is 0.15.6
2022-07-13 23:43:31 App is up to date.
2022-07-15 13:26:21 Loading updated app package /home/deniz/.config/obsidian/obsidian-0.15.6.asar
2022-07-15 13:26:22 Checking for update using Github
2022-07-15 13:26:22 Success.
2022-07-15 13:26:22 Latest version is 0.15.6
2022-07-15 13:26:22 App is up to date.
2022-07-16 22:49:31 Loading updated app package /home/deniz/.config/obsidian/obsidian-0.15.6.asar
2022-07-16 22:49:32 Checking for update using Github
2022-07-16 22:49:32 Success.
2022-07-16 22:49:32 Latest version is 0.15.6
2022-07-16 22:49:32 App is up to date.
2022-07-18 11:12:38 Loading updated app package /home/deniz/.config/obsidian/obsidian-0.15.6.asar
2022-07-18 11:12:38 Checking for update using Github
2022-07-18 11:12:39 Success.
2022-07-18 11:12:39 Latest version is 0.15.6
2022-07-18 11:12:39 App is up to date.
2022-07-18 12:12:38 Checking for update using Github
2022-07-18 12:12:38 Success.
2022-07-18 12:12:38 Latest version is 0.15.6
2022-07-18 12:12:38 App is up to date.
2022-07-18 13:12:38 Checking for update using Github
2022-07-18 13:12:38 Success.
2022-07-18 13:12:38 Latest version is 0.15.6
2022-07-18 13:12:38 App is up to date.
2022-07-18 19:34:18 Loading updated app package /home/deniz/.config/obsidian/obsidian-0.15.6.asar
2022-07-18 19:34:19 Checking for update using Github
2022-07-18 19:34:19 Success.
2022-07-18 19:34:19 Latest version is 0.15.6
2022-07-18 19:34:19 App is up to date.
2022-07-18 19:39:30 Loading updated app package /home/deniz/.config/obsidian/obsidian-0.15.6.asar
2022-07-18 19:39:31 Checking for update using Github
2022-07-18 19:39:32 Success.
2022-07-18 19:39:32 Latest version is 0.15.6
2022-07-18 19:39:32 App is up to date.
2022-07-18 19:54:49 Loading updated app package /home/deniz/.config/obsidian/obsidian-0.15.6.asar
2022-07-18 19:54:50 Checking for update using Github
2022-07-18 19:54:51 Success.
2022-07-18 19:54:51 Latest version is 0.15.6
2022-07-18 19:54:51 App is up to date.
2022-07-18 20:34:58 Loading updated app package /home/deniz/.config/obsidian/obsidian-0.15.6.asar
2022-07-18 20:34:59 Checking for update using Github
2022-07-18 20:34:59 Success.
2022-07-18 20:34:59 Latest version is 0.15.6
2022-07-18 20:34:59 App is up to date.
2022-07-19 08:39:04 Loading updated app package /home/deniz/.config/obsidian/obsidian-0.15.6.asar
2022-07-19 08:39:05 Checking for update using Github
2022-07-19 08:39:06 Success.
2022-07-19 08:39:06 Latest version is 0.15.6
2022-07-19 08:39:06 App is up to date.
2022-07-19 13:09:49 Loading updated app package /home/deniz/.config/obsidian/obsidian-0.15.6.asar
2022-07-19 13:09:50 Checking for update using Github
2022-07-19 13:26:08 Checking for update using Github
2022-07-19 13:26:08 Failed to check for update using Github (net::ERR_NAME_NOT_RESOLVED)
2022-07-19 13:26:08 Checking for update using obsidian.md
2022-07-19 13:26:08 Failed to check for update using obsidian.md (net::ERR_NAME_NOT_RESOLVED)
2022-07-21 16:02:59 Loading updated app package /home/deniz/.config/obsidian/obsidian-0.15.6.asar
2022-07-21 16:02:59 Checking for update using Github
2022-07-21 16:03:00 Success.
2022-07-21 16:03:00 Latest version is 0.15.6
2022-07-21 16:03:00 App is up to date.
2022-07-21 17:02:59 Checking for update using Github
2022-07-21 17:02:59 Success.
2022-07-21 17:02:59 Latest version is 0.15.6
2022-07-21 17:02:59 App is up to date.
2022-07-21 18:11:53 Checking for update using Github
2022-07-21 18:11:53 Success.
2022-07-21 18:11:53 Latest version is 0.15.6
2022-07-21 18:11:53 App is up to date.
2022-07-21 19:11:53 Checking for update using Github
2022-07-21 19:11:53 Success.
2022-07-21 19:11:53 Latest version is 0.15.6
2022-07-21 19:11:53 App is up to date.
2022-07-21 22:05:10 Loading updated app package /home/deniz/.config/obsidian/obsidian-0.15.6.asar
2022-07-21 22:05:10 Checking for update using Github
2022-07-21 22:05:11 Success.
2022-07-21 22:05:11 Latest version is 0.15.6
2022-07-21 22:05:11 App is up to date.
2022-07-22 01:10:02 Loading updated app package /home/deniz/.config/obsidian/obsidian-0.15.6.asar
2022-07-22 01:10:03 Checking for update using Github
2022-07-22 01:10:03 Success.
2022-07-22 01:10:03 Latest version is 0.15.6
2022-07-22 01:10:03 App is up to date.
2022-07-22 02:10:02 Checking for update using Github
2022-07-22 02:10:02 Success.
2022-07-22 02:10:02 Latest version is 0.15.6
2022-07-22 02:10:02 App is up to date.
2022-07-22 03:10:02 Checking for update using Github
2022-07-22 03:10:03 Success.
2022-07-22 03:10:03 Latest version is 0.15.6
2022-07-22 03:10:03 App is up to date.
2022-07-22 04:10:02 Checking for update using Github
2022-07-22 04:10:03 Success.
2022-07-22 04:10:03 Latest version is 0.15.6
2022-07-22 04:10:03 App is up to date.
2022-07-26 08:19:09 Loading updated app package /home/deniz/.config/obsidian/obsidian-0.15.6.asar
2022-07-26 08:19:10 Checking for update using Github
2022-07-26 08:19:12 Success.
2022-07-26 08:19:12 Latest version is 0.15.8
2022-07-26 08:19:12 Downloading update from https://github.com/obsidianmd/obsidian-releases/releases/download/v0.15.8/obsidian-0.15.8.asar.gz
2022-07-26 08:19:54 Verifying hash & signature. Size= 5639539
2022-07-26 08:19:54 Saving file
2022-07-26 08:19:54 Update complete.
2022-07-26 08:19:54 Checking for update using Github
2022-07-26 08:19:54 Success.
2022-07-26 08:19:54 Latest version is 0.15.8
2022-07-26 08:19:54 An update is already downloaded.
2022-07-26 08:32:53 Loading updated app package /home/deniz/.config/obsidian/obsidian-0.15.8.asar
2022-07-26 08:32:53 Checking for update using Github
2022-07-26 08:32:55 Success.
2022-07-26 08:32:55 Latest version is 0.15.8
2022-07-26 08:32:55 App is up to date.
2022-07-26 10:40:15 Loading updated app package /home/deniz/.config/obsidian/obsidian-0.15.8.asar
2022-07-26 10:40:16 Checking for update using Github
2022-07-26 10:40:16 Success.
2022-07-26 10:40:16 Latest version is 0.15.8
2022-07-26 10:40:16 App is up to date.
2022-07-26 11:45:21 Checking for update using Github
2022-07-26 11:45:21 Success.
2022-07-26 11:45:21 Latest version is 0.15.8
2022-07-26 11:45:21 App is up to date.
2022-07-26 12:52:23 Loading updated app package /home/deniz/.config/obsidian/obsidian-0.15.8.asar
2022-07-26 12:52:23 Checking for update using Github
2022-07-26 12:52:24 Success.
2022-07-26 12:52:24 Latest version is 0.15.8
2022-07-26 12:52:24 App is up to date.
2022-07-26 13:52:23 Checking for update using Github
2022-07-26 13:52:23 Success.
2022-07-26 13:52:23 Latest version is 0.15.8
2022-07-26 13:52:23 App is up to date.
2022-07-27 08:58:34 Checking for update using Github
2022-07-27 08:58:35 Success.
2022-07-27 08:58:35 Latest version is 0.15.9
2022-07-27 08:58:35 Downloading update from https://github.com/obsidianmd/obsidian-releases/releases/download/v0.15.9/obsidian-0.15.9.asar.gz
2022-07-27 08:58:51 Verifying hash & signature. Size= 5641851
2022-07-27 08:58:51 Saving file
2022-07-27 08:58:51 Update complete.
2022-07-28 14:32:11 Checking for update using Github
2022-07-28 14:32:11 Success.
2022-07-28 14:32:11 Latest version is 0.15.9
2022-07-28 14:32:11 An update is already downloaded.
2022-07-28 15:32:11 Checking for update using Github
2022-07-28 15:32:11 Success.
2022-07-28 15:32:11 Latest version is 0.15.9
2022-07-28 15:32:11 An update is already downloaded.
2022-07-28 17:39:25 Checking for update using Github
2022-07-28 17:39:25 Success.
2022-07-28 17:39:25 Latest version is 0.15.9
2022-07-28 17:39:25 An update is already downloaded.
2022-07-28 20:49:28 Checking for update using Github
2022-07-28 20:49:28 Success.
2022-07-28 20:49:28 Latest version is 0.15.9
2022-07-28 20:49:28 An update is already downloaded.
2022-07-28 21:49:28 Checking for update using Github
2022-07-28 21:49:28 Success.
2022-07-28 21:49:28 Latest version is 0.15.9
2022-07-28 21:49:28 An update is already downloaded.
2022-07-29 19:24:00 Loading updated app package /home/deniz/.config/obsidian/obsidian-0.15.9.asar
2022-07-29 19:24:00 Checking for update using Github
2022-07-29 19:24:01 Success.
2022-07-29 19:24:01 Latest version is 0.15.9
2022-07-29 19:24:01 App is up to date.
2022-07-29 20:24:00 Checking for update using Github
2022-07-29 20:24:00 Success.
2022-07-29 20:24:00 Latest version is 0.15.9
2022-07-29 20:24:00 App is up to date.
2022-07-29 21:45:56 Checking for update using Github
2022-07-29 21:46:01 Success.
2022-07-29 21:46:01 Latest version is 0.15.9
2022-07-29 21:46:01 App is up to date.
2022-07-30 01:45:17 Loading updated app package /home/deniz/.config/obsidian/obsidian-0.15.9.asar
2022-07-30 01:45:18 Checking for update using Github
2022-07-30 01:45:18 Success.
2022-07-30 01:45:18 Latest version is 0.15.9
2022-07-30 01:45:18 App is up to date.
2022-07-30 02:45:17 Checking for update using Github
2022-07-30 02:45:18 Success.
2022-07-30 02:45:18 Latest version is 0.15.9
2022-07-30 02:45:18 App is up to date.
2022-07-30 03:45:17 Checking for update using Github
2022-07-30 03:45:18 Success.
2022-07-30 03:45:18 Latest version is 0.15.9
2022-07-30 03:45:18 App is up to date.
2022-08-04 20:05:12 Loading updated app package /home/deniz/.config/obsidian/obsidian-0.15.9.asar
2022-08-04 20:05:12 Checking for update using Github
2022-08-04 20:06:17 Success.
2022-08-04 20:06:17 Latest version is 0.15.9
2022-08-04 20:06:17 App is up to date.
2022-08-04 21:05:12 Checking for update using Github
2022-08-04 21:05:12 Success.
2022-08-04 21:05:12 Latest version is 0.15.9
2022-08-04 21:05:12 App is up to date.
